<?xml version="1.0" encoding="UTF-8"?>
<testsuite name="org.commando.json.serializer.JsonSerializerTest" tests="3" skipped="1" failures="0" errors="0" timestamp="2017-01-22T16:28:04" hostname="pborbass-MacBook-Pro.local" time="0.198">
  <properties/>
  <testcase name="testCommandInheritanceSerialization" classname="org.commando.json.serializer.JsonSerializerTest" time="0.193"/>
  <testcase name="testResultInheritanceSerialization" classname="org.commando.json.serializer.JsonSerializerTest" time="0.004"/>
  <testcase name="testCommandInheritanceSerializationSpeed" classname="org.commando.json.serializer.JsonSerializerTest" time="0.0">
    <skipped/>
  </testcase>
  <system-out><![CDATA[["org.commando.example.SampleCommand",{"commandId":"3f5ccaa0-0e9b-4053-af28-9589cab80979","headers":["java.util.TreeMap",{}],"data":"Őűúépú"}]
]]></system-out>
  <system-err><![CDATA[]]></system-err>
</testsuite>
